Arguments: 
  C:\Program Files\nodejs\node.exe C:\Users\rushi\AppData\Roaming\npm\node_modules\yarn\bin\yarn.js add @mikro-orm/cli @mikro-orm/core @mikro-orm/migrations @mikro-orm/postgresql pg

PATH: 
  C:\Program Files\Common Files\Oracle\Java\javapath;C:\Program Files (x86)\Common Files\Oracle\Java\javapath;C:\Windows\system32;C:\Windows;C:\Windows\System32\Wbem;C:\Windows\System32\WindowsPowerShell\v1.0\;C:\Windows\System32\OpenSSH\;C:\Program Files (x86)\NVIDIA Corporation\PhysX\Common;C:\Program Files\NVIDIA Corporation\NVIDIA NvDLISR;C:\WINDOWS\system32;C:\WINDOWS;C:\WINDOWS\System32\Wbem;C:\WINDOWS\System32\WindowsPowerShell\v1.0\;C:\WINDOWS\System32\OpenSSH\;C:\Program Files\Git\cmd;C:\Users\rushi\AppData\Local\Programs\Python\Python39;C:\xampp\php;C:\Program Files\GTK3-Runtime Win64\bin\;C:\Program Files\UniConvertor-2.0rc4\dlls\;C:\GnuWin32\bin;C:\Dev-Cpp\MinGW64\bin;C:\Program Files\nodejs\;C:\Program Files\Docker\Docker\resources\bin;C:\ProgramData\DockerDesktop\version-bin;C:\Program Files\PuTTY\;c:\users\rushi\appdata\local\programs\python\python37\Scripts;C:\Users\rushi\AppData\Local\Programs\Python\Python37\;C:\Users\rushi\AppData\Local\Programs\Python\Python37-32;C:\Users\rushi\AppData\Local\Programs\Python\Python37-32\Scripts;C:\Users\rushi\AppData\Local\Microsoft\WindowsApps;D:\Programs\flutter\bin;C:\Users\rushi\AppData\Local\Programs\Microsoft VS Code\bin;C:\Users\rushi\AppData\Roaming\Composer\vendor\bin;C:\Program Files\heroku\bin;C:\Users\rushi\AppData\Local\Microsoft\WindowsApps;c:\users\rushi\.local\bin;C:\Users\rushi\AppData\Roaming\npm;C:\Program Files\Java\jdk-17.0.2\bin;C:\Users\rushi\AppData\Local\Google\Cloud SDK\google-cloud-sdk\bin

Yarn version: 
  1.22.10

Node version: 
  16.13.2

Platform: 
  win32 x64

Trace: 
  Error: https://registry.yarnpkg.com/@mikro-orm%2fcli: ESOCKETTIMEDOUT
      at ClientRequest.<anonymous> (C:\Users\rushi\AppData\Roaming\npm\node_modules\yarn\lib\cli.js:141289:19)
      at Object.onceWrapper (node:events:509:28)
      at ClientRequest.emit (node:events:390:28)
      at TLSSocket.emitRequestTimeout (node:_http_client:763:9)
      at Object.onceWrapper (node:events:509:28)
      at TLSSocket.emit (node:events:402:35)
      at TLSSocket.Socket._onTimeout (node:net:501:8)
      at listOnTimeout (node:internal/timers:557:17)
      at processTimers (node:internal/timers:500:7)

npm manifest: 
  No manifest

yarn manifest: 
  No manifest

Lockfile: 
  No lockfile
